c:\users\weekb\desktop\duilib_redrain\mfcapp\x64\release\mfcapp.pch
c:\users\weekb\desktop\duilib_redrain\mfcapp\x64\release\vc142.pdb
c:\users\weekb\desktop\duilib_redrain\mfcapp\x64\release\pch.obj
c:\users\weekb\desktop\duilib_redrain\mfcapp\x64\release\chartstandardaxis.obj
c:\users\weekb\desktop\duilib_redrain\mfcapp\x64\release\chartserie.obj
c:\users\weekb\desktop\duilib_redrain\mfcapp\x64\release\chartscrollbar.obj
c:\users\weekb\desktop\duilib_redrain\mfcapp\x64\release\chartpointsserie.obj
c:\users\weekb\desktop\duilib_redrain\mfcapp\x64\release\chartlogarithmicaxis.obj
c:\users\weekb\desktop\duilib_redrain\mfcapp\x64\release\chartlineserie.obj
c:\users\weekb\desktop\duilib_redrain\mfcapp\x64\release\chartlegend.obj
c:\users\weekb\desktop\duilib_redrain\mfcapp\x64\release\chartgrid.obj
c:\users\weekb\desktop\duilib_redrain\mfcapp\x64\release\chartgradient.obj
c:\users\weekb\desktop\duilib_redrain\mfcapp\x64\release\chartganttserie.obj
c:\users\weekb\desktop\duilib_redrain\mfcapp\x64\release\chartfont.obj
c:\users\weekb\desktop\duilib_redrain\mfcapp\x64\release\chartdraglinecursor.obj
c:\users\weekb\desktop\duilib_redrain\mfcapp\x64\release\chartdatetimeaxis.obj
c:\users\weekb\desktop\duilib_redrain\mfcapp\x64\release\chartcursor.obj
c:\users\weekb\desktop\duilib_redrain\mfcapp\x64\release\chartctrl.obj
c:\users\weekb\desktop\duilib_redrain\mfcapp\x64\release\chartcrosshaircursor.obj
c:\users\weekb\desktop\duilib_redrain\mfcapp\x64\release\chartcandlestickserie.obj
c:\users\weekb\desktop\duilib_redrain\mfcapp\x64\release\chartbarserie.obj
c:\users\weekb\desktop\duilib_redrain\mfcapp\x64\release\chartaxislabel.obj
c:\users\weekb\desktop\duilib_redrain\mfcapp\x64\release\chartaxis.obj
c:\users\weekb\desktop\duilib_redrain\mfcapp\x64\release\myclass.obj
c:\users\weekb\desktop\duilib_redrain\mfcapp\x64\release\mfcappdlg.obj
c:\users\weekb\desktop\duilib_redrain\mfcapp\x64\release\mfcapp.obj
c:\users\weekb\desktop\duilib_redrain\mfcapp\x64\release\chartxyserie.obj
c:\users\weekb\desktop\duilib_redrain\mfcapp\x64\release\charttitle.obj
c:\users\weekb\desktop\duilib_redrain\mfcapp\x64\release\chartsurfaceserie.obj
c:\users\weekb\desktop\duilib_redrain\x64\release\mfcapp.exe
c:\users\weekb\desktop\duilib_redrain\mfcapp\x64\release\mfcapp.ipdb
c:\users\weekb\desktop\duilib_redrain\mfcapp\x64\release\mfcapp.iobj
c:\users\weekb\desktop\duilib_redrain\x64\release\mfcapp.pdb
c:\users\weekb\desktop\duilib_redrain\x64\release\mfcapp.lib
c:\users\weekb\desktop\duilib_redrain\x64\release\mfcapp.exp
c:\users\weekb\desktop\duilib_redrain\mfcapp\x64\release\mfcapp.res
c:\users\weekb\desktop\duilib_redrain\mfcapp\x64\release\mfcapp.tlog\cl.command.1.tlog
c:\users\weekb\desktop\duilib_redrain\mfcapp\x64\release\mfcapp.tlog\cl.read.1.tlog
c:\users\weekb\desktop\duilib_redrain\mfcapp\x64\release\mfcapp.tlog\cl.write.1.tlog
c:\users\weekb\desktop\duilib_redrain\mfcapp\x64\release\mfcapp.tlog\link.command.1.tlog
c:\users\weekb\desktop\duilib_redrain\mfcapp\x64\release\mfcapp.tlog\link.read.1.tlog
c:\users\weekb\desktop\duilib_redrain\mfcapp\x64\release\mfcapp.tlog\link.write.1.tlog
c:\users\weekb\desktop\duilib_redrain\mfcapp\x64\release\mfcapp.tlog\mfcapp.write.1u.tlog
c:\users\weekb\desktop\duilib_redrain\mfcapp\x64\release\mfcapp.tlog\rc.command.1.tlog
c:\users\weekb\desktop\duilib_redrain\mfcapp\x64\release\mfcapp.tlog\rc.read.1.tlog
c:\users\weekb\desktop\duilib_redrain\mfcapp\x64\release\mfcapp.tlog\rc.write.1.tlog
