c:\users\weekb\desktop\duilib_redrain\duilib\x64\release\duilib.pch
c:\users\weekb\desktop\duilib_redrain\x64\release\duilib.pdb
c:\users\weekb\desktop\duilib_redrain\duilib\x64\release\stdafx.obj
c:\users\weekb\desktop\duilib_redrain\duilib\x64\release\uiactivex.obj
c:\users\weekb\desktop\duilib_redrain\duilib\x64\release\uiverticallayout.obj
c:\users\weekb\desktop\duilib_redrain\duilib\x64\release\uitilelayout.obj
c:\users\weekb\desktop\duilib_redrain\duilib\x64\release\uitablayout.obj
c:\users\weekb\desktop\duilib_redrain\duilib\x64\release\uihorizontallayout.obj
c:\users\weekb\desktop\duilib_redrain\duilib\x64\release\uichildlayout.obj
c:\users\weekb\desktop\duilib_redrain\duilib\x64\release\uirender.obj
c:\users\weekb\desktop\duilib_redrain\duilib\x64\release\uimarkup.obj
c:\users\weekb\desktop\duilib_redrain\duilib\x64\release\uimanager.obj
c:\users\weekb\desktop\duilib_redrain\duilib\x64\release\uiimageattribute.obj
c:\users\weekb\desktop\duilib_redrain\duilib\x64\release\uidlgbuilder.obj
c:\users\weekb\desktop\duilib_redrain\duilib\x64\release\uicontrol.obj
c:\users\weekb\desktop\duilib_redrain\duilib\x64\release\uicontainer.obj
c:\users\weekb\desktop\duilib_redrain\duilib\x64\release\uibase.obj
c:\users\weekb\desktop\duilib_redrain\duilib\x64\release\winimplbase.obj
c:\users\weekb\desktop\duilib_redrain\duilib\x64\release\utils.obj
c:\users\weekb\desktop\duilib_redrain\duilib\x64\release\uishadow.obj
c:\users\weekb\desktop\duilib_redrain\duilib\x64\release\uidelegate.obj
c:\users\weekb\desktop\duilib_redrain\duilib\x64\release\thirdparty.obj
c:\users\weekb\desktop\duilib_redrain\duilib\x64\release\uilib.obj
c:\users\weekb\desktop\duilib_redrain\duilib\x64\release\uiwebbrowser.obj
c:\users\weekb\desktop\duilib_redrain\duilib\x64\release\uitreeview.obj
c:\users\weekb\desktop\duilib_redrain\duilib\x64\release\uitext.obj
c:\users\weekb\desktop\duilib_redrain\duilib\x64\release\uislider.obj
c:\users\weekb\desktop\duilib_redrain\duilib\x64\release\uiscrollbar.obj
c:\users\weekb\desktop\duilib_redrain\duilib\x64\release\uirichedit.obj
c:\users\weekb\desktop\duilib_redrain\duilib\x64\release\uiprogress.obj
c:\users\weekb\desktop\duilib_redrain\duilib\x64\release\uioption.obj
c:\users\weekb\desktop\duilib_redrain\duilib\x64\release\uimenu.obj
c:\users\weekb\desktop\duilib_redrain\duilib\x64\release\uilist.obj
c:\users\weekb\desktop\duilib_redrain\duilib\x64\release\uilabel.obj
c:\users\weekb\desktop\duilib_redrain\duilib\x64\release\uigifanim.obj
c:\users\weekb\desktop\duilib_redrain\duilib\x64\release\uiflash.obj
c:\users\weekb\desktop\duilib_redrain\duilib\x64\release\uiedit.obj
c:\users\weekb\desktop\duilib_redrain\duilib\x64\release\uidatetime.obj
c:\users\weekb\desktop\duilib_redrain\duilib\x64\release\uicombo.obj
c:\users\weekb\desktop\duilib_redrain\duilib\x64\release\uicheckbox.obj
c:\users\weekb\desktop\duilib_redrain\duilib\x64\release\uibutton.obj
c:\users\weekb\desktop\duilib_redrain\duilib\x64\release\stb_image.obj
c:\users\weekb\desktop\duilib_redrain\duilib\x64\release\xunzip.obj
c:\users\weekb\desktop\duilib_redrain\x64\release\duilib.lib
c:\users\weekb\desktop\duilib_redrain\duilib\x64\release\duilib.tlog\cl.command.1.tlog
c:\users\weekb\desktop\duilib_redrain\duilib\x64\release\duilib.tlog\cl.read.1.tlog
c:\users\weekb\desktop\duilib_redrain\duilib\x64\release\duilib.tlog\cl.write.1.tlog
c:\users\weekb\desktop\duilib_redrain\duilib\x64\release\duilib.tlog\lib-link.read.1.tlog
c:\users\weekb\desktop\duilib_redrain\duilib\x64\release\duilib.tlog\lib-link.write.1.tlog
c:\users\weekb\desktop\duilib_redrain\duilib\x64\release\duilib.tlog\lib.command.1.tlog
